[2018-04-17 22:30:01,524][restartedMain][WARN][org.springframework.context.annotation.ConfigurationClassPostProcessor:383] Cannot enhance @Configuration bean definition 'mybatisConfigurer' since its singleton instance has been created too early. The typical cause is a non-static @Bean method with a BeanDefinitionRegistryPostProcessor return type: Consider declaring such methods as 'static'.
[2018-04-17 22:33:52,676][http-nio-8080-exec-7][WARN][org.springframework.web.servlet.PageNotFound:1205] No mapping found for HTTP request with URI [/favicon.ico] in DispatcherServlet with name 'dispatcherServlet'
[2018-04-17 22:34:25,248][http-nio-8080-exec-6][WARN][org.springframework.web.servlet.PageNotFound:1205] No mapping found for HTTP request with URI [/favicon.ico] in DispatcherServlet with name 'dispatcherServlet'
[2018-04-17 22:34:30,621][http-nio-8080-exec-2][WARN][org.springframework.web.servlet.PageNotFound:1205] No mapping found for HTTP request with URI [/favicon.ico] in DispatcherServlet with name 'dispatcherServlet'
[2018-04-17 22:34:31,298][http-nio-8080-exec-1][WARN][org.springframework.web.servlet.PageNotFound:1205] No mapping found for HTTP request with URI [/favicon.ico] in DispatcherServlet with name 'dispatcherServlet'
[2018-04-17 22:34:31,548][http-nio-8080-exec-3][WARN][org.springframework.web.servlet.PageNotFound:1205] No mapping found for HTTP request with URI [/favicon.ico] in DispatcherServlet with name 'dispatcherServlet'
[2018-04-17 22:34:31,778][http-nio-8080-exec-8][WARN][org.springframework.web.servlet.PageNotFound:1205] No mapping found for HTTP request with URI [/favicon.ico] in DispatcherServlet with name 'dispatcherServlet'
[2018-04-17 22:34:31,923][http-nio-8080-exec-6][WARN][org.springframework.web.servlet.PageNotFound:1205] No mapping found for HTTP request with URI [/favicon.ico] in DispatcherServlet with name 'dispatcherServlet'
[2018-04-17 22:34:32,061][http-nio-8080-exec-2][WARN][org.springframework.web.servlet.PageNotFound:1205] No mapping found for HTTP request with URI [/favicon.ico] in DispatcherServlet with name 'dispatcherServlet'
[2018-04-17 22:34:33,434][http-nio-8080-exec-4][WARN][org.springframework.web.servlet.PageNotFound:1205] No mapping found for HTTP request with URI [/favicon.ico] in DispatcherServlet with name 'dispatcherServlet'
[2018-04-17 22:34:35,577][http-nio-8080-exec-3][WARN][org.springframework.web.servlet.PageNotFound:1205] No mapping found for HTTP request with URI [/favicon.ico] in DispatcherServlet with name 'dispatcherServlet'
[2018-04-17 22:34:43,645][http-nio-8080-exec-6][WARN][org.springframework.web.servlet.PageNotFound:1205] No mapping found for HTTP request with URI [/favicon.ico] in DispatcherServlet with name 'dispatcherServlet'
[2018-04-17 22:34:54,304][http-nio-8080-exec-8][WARN][org.springframework.web.servlet.PageNotFound:1205] No mapping found for HTTP request with URI [/favicon.ico] in DispatcherServlet with name 'dispatcherServlet'
[2018-04-17 22:35:04,078][restartedMain][WARN][org.springframework.context.annotation.ConfigurationClassPostProcessor:383] Cannot enhance @Configuration bean definition 'mybatisConfigurer' since its singleton instance has been created too early. The typical cause is a non-static @Bean method with a BeanDefinitionRegistryPostProcessor return type: Consider declaring such methods as 'static'.
[2018-04-17 22:35:15,986][http-nio-8080-exec-1][WARN][org.springframework.web.servlet.PageNotFound:1205] No mapping found for HTTP request with URI [/favicon.ico] in DispatcherServlet with name 'dispatcherServlet'
[2018-04-17 22:35:30,052][http-nio-8080-exec-10][WARN][org.springframework.web.servlet.PageNotFound:1205] No mapping found for HTTP request with URI [/favicon.ico] in DispatcherServlet with name 'dispatcherServlet'
[2018-04-17 22:35:31,705][http-nio-8080-exec-1][WARN][org.springframework.web.servlet.PageNotFound:1205] No mapping found for HTTP request with URI [/favicon.ico] in DispatcherServlet with name 'dispatcherServlet'
[2018-04-17 22:41:45,090][restartedMain][WARN][org.springframework.context.annotation.ConfigurationClassPostProcessor:383] Cannot enhance @Configuration bean definition 'mybatisConfigurer' since its singleton instance has been created too early. The typical cause is a non-static @Bean method with a BeanDefinitionRegistryPostProcessor return type: Consider declaring such methods as 'static'.
[2018-04-17 22:42:10,847][restartedMain][WARN][org.springframework.context.annotation.ConfigurationClassPostProcessor:383] Cannot enhance @Configuration bean definition 'mybatisConfigurer' since its singleton instance has been created too early. The typical cause is a non-static @Bean method with a BeanDefinitionRegistryPostProcessor return type: Consider declaring such methods as 'static'.
[2018-04-17 22:58:07,873][main][WARN][org.springframework.context.annotation.ConfigurationClassPostProcessor:383] Cannot enhance @Configuration bean definition 'mybatisConfigurer' since its singleton instance has been created too early. The typical cause is a non-static @Bean method with a BeanDefinitionRegistryPostProcessor return type: Consider declaring such methods as 'static'.
[2018-04-17 22:58:13,812][main][WARN][com.andi.nms.business.ServiceTest:49] ==========permission=========== >userList:update
[2018-04-17 22:58:13,812][main][WARN][com.andi.nms.business.ServiceTest:49] ==========permission=========== >netWork:view
[2018-04-17 22:58:13,813][main][WARN][com.andi.nms.business.ServiceTest:49] ==========permission=========== >userList:add
[2018-04-17 22:58:13,813][main][WARN][com.andi.nms.business.ServiceTest:49] ==========permission=========== >qos:view
[2018-04-17 22:58:13,813][main][WARN][com.andi.nms.business.ServiceTest:49] ==========permission=========== >userList:view
[2018-04-17 22:58:13,813][main][WARN][com.andi.nms.business.ServiceTest:49] ==========permission=========== >userList:del
[2018-04-17 22:58:13,820][main][WARN][com.andi.nms.business.ServiceTest:40] ==========user=========== >User{userId=1, description='', email='admin@qq.com', mobile='15884865813', name='admin', password='e10adc3949ba59abbe56e057f20f883e', sex='1', state='1', updatedate=Mon Sep 12 11:21:48 CST 2016, username='admin', count=0}
